<?xml version="1.0" encoding="UTF-8"?>
<coverage generated="1593216555767" clover="3.2.0">
  <project timestamp="1593216555767" name="All files">
    <metrics statements="65" coveredstatements="57" conditionals="4" coveredconditionals="2" methods="8" coveredmethods="8" elements="77" coveredelements="67" complexity="0" loc="65" ncloc="65" packages="1" files="1" classes="1"/>
    <file name="server.js" path="/Users/alliantsadmin/Projects/udacity/FEND/FEND_5_Capstone_Travel-App/src/server/server.js">
      <metrics statements="65" coveredstatements="57" conditionals="4" coveredconditionals="2" methods="8" coveredmethods="8"/>
      <line num="4" count="1" type="stmt"/>
      <line num="5" count="1" type="stmt"/>
      <line num="7" count="1" type="stmt"/>
      <line num="12" count="1" type="stmt"/>
      <line num="13" count="1" type="stmt"/>
      <line num="14" count="1" type="stmt"/>
      <line num="17" count="1" type="stmt"/>
      <line num="18" count="1" type="stmt"/>
      <line num="21" count="1" type="stmt"/>
      <line num="24" count="1" type="stmt"/>
      <line num="27" count="1" type="stmt"/>
      <line num="28" count="1" type="stmt"/>
      <line num="29" count="1" type="stmt"/>
      <line num="33" count="1" type="stmt"/>
      <line num="34" count="1" type="stmt"/>
      <line num="41" count="1" type="stmt"/>
      <line num="42" count="1" type="stmt"/>
      <line num="43" count="1" type="stmt"/>
      <line num="44" count="1" type="stmt"/>
      <line num="47" count="1" type="stmt"/>
      <line num="49" count="1" type="stmt"/>
      <line num="50" count="1" type="stmt"/>
      <line num="51" count="1" type="stmt"/>
      <line num="52" count="1" type="stmt"/>
      <line num="53" count="1" type="stmt"/>
      <line num="54" count="1" type="stmt"/>
      <line num="55" count="1" type="stmt"/>
      <line num="56" count="1" type="stmt"/>
      <line num="59" count="0" type="stmt"/>
      <line num="68" count="1" type="stmt"/>
      <line num="69" count="1" type="stmt"/>
      <line num="70" count="1" type="stmt"/>
      <line num="71" count="1" type="stmt"/>
      <line num="74" count="1" type="stmt"/>
      <line num="76" count="1" type="stmt"/>
      <line num="77" count="1" type="stmt"/>
      <line num="79" count="1" type="stmt"/>
      <line num="80" count="1" type="stmt"/>
      <line num="81" count="1" type="stmt"/>
      <line num="82" count="1" type="stmt"/>
      <line num="85" count="0" type="stmt"/>
      <line num="92" count="1" type="stmt"/>
      <line num="99" count="1" type="stmt"/>
      <line num="101" count="1" type="stmt"/>
      <line num="105" count="1" type="stmt"/>
      <line num="107" count="1" type="stmt"/>
      <line num="108" count="1" type="stmt"/>
      <line num="109" count="1" type="stmt"/>
      <line num="110" count="1" type="stmt"/>
      <line num="111" count="1" type="stmt"/>
      <line num="112" count="1" type="stmt"/>
      <line num="113" count="1" type="stmt"/>
      <line num="114" count="1" type="stmt"/>
      <line num="115" count="1" type="stmt"/>
      <line num="119" count="1" type="stmt"/>
      <line num="121" count="1" type="cond" truecount="1" falsecount="1"/>
      <line num="122" count="0" type="stmt"/>
      <line num="123" count="0" type="stmt"/>
      <line num="125" count="1" type="cond" truecount="1" falsecount="1"/>
      <line num="126" count="0" type="stmt"/>
      <line num="127" count="0" type="stmt"/>
      <line num="128" count="0" type="stmt"/>
      <line num="129" count="0" type="stmt"/>
      <line num="131" count="1" type="stmt"/>
      <line num="134" count="1" type="stmt"/>
    </file>
  </project>
</coverage>
