{"/Users/alliantsadmin/Projects/udacity/FEND/FEND_5_Capstone_Travel-App/src/server/server.js": {"path":"/Users/alliantsadmin/Projects/udacity/FEND/FEND_5_Capstone_Travel-App/src/server/server.js","statementMap":{"0":{"start":{"line":4,"column":16},"end":{"line":4,"column":34}},"1":{"start":{"line":5,"column":14},"end":{"line":5,"column":35}},"2":{"start":{"line":7,"column":12},"end":{"line":7,"column":21}},"3":{"start":{"line":12,"column":17},"end":{"line":12,"column":39}},"4":{"start":{"line":13,"column":0},"end":{"line":13,"column":52}},"5":{"start":{"line":14,"column":0},"end":{"line":14,"column":27}},"6":{"start":{"line":17,"column":13},"end":{"line":17,"column":28}},"7":{"start":{"line":18,"column":0},"end":{"line":18,"column":16}},"8":{"start":{"line":21,"column":0},"end":{"line":21,"column":32}},"9":{"start":{"line":24,"column":13},"end":{"line":24,"column":17}},"10":{"start":{"line":27,"column":15},"end":{"line":30,"column":2}},"11":{"start":{"line":28,"column":1},"end":{"line":28,"column":34}},"12":{"start":{"line":29,"column":1},"end":{"line":29,"column":46}},"13":{"start":{"line":33,"column":15},"end":{"line":33,"column":32}},"14":{"start":{"line":34,"column":0},"end":{"line":34,"column":16}},"15":{"start":{"line":41,"column":0},"end":{"line":45,"column":3}},"16":{"start":{"line":42,"column":18},"end":{"line":42,"column":35}},"17":{"start":{"line":43,"column":17},"end":{"line":43,"column":43}},"18":{"start":{"line":44,"column":1},"end":{"line":44,"column":19}},"19":{"start":{"line":47,"column":19},"end":{"line":61,"column":1}},"20":{"start":{"line":49,"column":26},"end":{"line":49,"column":55}},"21":{"start":{"line":50,"column":28},"end":{"line":50,"column":80}},"22":{"start":{"line":51,"column":13},"end":{"line":51,"column":29}},"23":{"start":{"line":52,"column":13},"end":{"line":52,"column":30}},"24":{"start":{"line":53,"column":18},"end":{"line":53,"column":112}},"25":{"start":{"line":54,"column":1},"end":{"line":60,"column":2}},"26":{"start":{"line":55,"column":18},"end":{"line":55,"column":39}},"27":{"start":{"line":56,"column":2},"end":{"line":56,"column":17}},"28":{"start":{"line":59,"column":2},"end":{"line":59,"column":67}},"29":{"start":{"line":68,"column":0},"end":{"line":72,"column":3}},"30":{"start":{"line":69,"column":14},"end":{"line":69,"column":27}},"31":{"start":{"line":70,"column":13},"end":{"line":70,"column":33}},"32":{"start":{"line":71,"column":1},"end":{"line":71,"column":15}},"33":{"start":{"line":74,"column":17},"end":{"line":87,"column":1}},"34":{"start":{"line":76,"column":23},"end":{"line":76,"column":49}},"35":{"start":{"line":77,"column":25},"end":{"line":77,"column":75}},"36":{"start":{"line":79,"column":18},"end":{"line":79,"column":114}},"37":{"start":{"line":80,"column":1},"end":{"line":86,"column":2}},"38":{"start":{"line":81,"column":21},"end":{"line":81,"column":42}},"39":{"start":{"line":82,"column":2},"end":{"line":82,"column":20}},"40":{"start":{"line":85,"column":2},"end":{"line":85,"column":67}},"41":{"start":{"line":92,"column":14},"end":{"line":92,"column":16}},"42":{"start":{"line":99,"column":0},"end":{"line":99,"column":28}},"43":{"start":{"line":101,"column":1},"end":{"line":101,"column":19}},"44":{"start":{"line":105,"column":0},"end":{"line":105,"column":26}},"45":{"start":{"line":107,"column":1},"end":{"line":107,"column":55}},"46":{"start":{"line":108,"column":1},"end":{"line":108,"column":51}},"47":{"start":{"line":109,"column":1},"end":{"line":109,"column":49}},"48":{"start":{"line":110,"column":1},"end":{"line":110,"column":45}},"49":{"start":{"line":111,"column":1},"end":{"line":111,"column":37}},"50":{"start":{"line":112,"column":1},"end":{"line":112,"column":45}},"51":{"start":{"line":113,"column":1},"end":{"line":113,"column":47}},"52":{"start":{"line":114,"column":1},"end":{"line":114,"column":43}},"53":{"start":{"line":115,"column":1},"end":{"line":115,"column":24}},"54":{"start":{"line":119,"column":0},"end":{"line":119,"column":33}},"55":{"start":{"line":121,"column":1},"end":{"line":124,"column":2}},"56":{"start":{"line":122,"column":2},"end":{"line":122,"column":46}},"57":{"start":{"line":123,"column":2},"end":{"line":123,"column":52}},"58":{"start":{"line":125,"column":1},"end":{"line":130,"column":2}},"59":{"start":{"line":126,"column":2},"end":{"line":126,"column":44}},"60":{"start":{"line":127,"column":2},"end":{"line":127,"column":45}},"61":{"start":{"line":128,"column":2},"end":{"line":128,"column":45}},"62":{"start":{"line":129,"column":2},"end":{"line":129,"column":45}},"63":{"start":{"line":131,"column":1},"end":{"line":131,"column":24}},"64":{"start":{"line":134,"column":0},"end":{"line":134,"column":21}}},"fnMap":{"0":{"name":"(anonymous_0)","decl":{"start":{"line":27,"column":32},"end":{"line":27,"column":33}},"loc":{"start":{"line":27,"column":38},"end":{"line":30,"column":1}},"line":27},"1":{"name":"(anonymous_1)","decl":{"start":{"line":41,"column":21},"end":{"line":41,"column":22}},"loc":{"start":{"line":41,"column":41},"end":{"line":45,"column":1}},"line":41},"2":{"name":"(anonymous_2)","decl":{"start":{"line":47,"column":19},"end":{"line":47,"column":20}},"loc":{"start":{"line":47,"column":39},"end":{"line":61,"column":1}},"line":47},"3":{"name":"(anonymous_3)","decl":{"start":{"line":68,"column":19},"end":{"line":68,"column":20}},"loc":{"start":{"line":68,"column":39},"end":{"line":72,"column":1}},"line":68},"4":{"name":"(anonymous_4)","decl":{"start":{"line":74,"column":17},"end":{"line":74,"column":18}},"loc":{"start":{"line":74,"column":33},"end":{"line":87,"column":1}},"line":74},"5":{"name":"getResults","decl":{"start":{"line":100,"column":9},"end":{"line":100,"column":19}},"loc":{"start":{"line":100,"column":30},"end":{"line":102,"column":1}},"line":100},"6":{"name":"addTrip","decl":{"start":{"line":106,"column":9},"end":{"line":106,"column":16}},"loc":{"start":{"line":106,"column":36},"end":{"line":116,"column":1}},"line":106},"7":{"name":"updateTrip","decl":{"start":{"line":120,"column":9},"end":{"line":120,"column":19}},"loc":{"start":{"line":120,"column":39},"end":{"line":132,"column":1}},"line":120}},"branchMap":{"0":{"loc":{"start":{"line":121,"column":1},"end":{"line":124,"column":2}},"type":"if","locations":[{"start":{"line":121,"column":1},"end":{"line":124,"column":2}},{"start":{"line":121,"column":1},"end":{"line":124,"column":2}}],"line":121},"1":{"loc":{"start":{"line":125,"column":1},"end":{"line":130,"column":2}},"type":"if","locations":[{"start":{"line":125,"column":1},"end":{"line":130,"column":2}},{"start":{"line":125,"column":1},"end":{"line":130,"column":2}}],"line":125}},"s":{"0":1,"1":1,"2":1,"3":1,"4":1,"5":1,"6":1,"7":1,"8":1,"9":1,"10":1,"11":1,"12":1,"13":1,"14":1,"15":1,"16":1,"17":1,"18":1,"19":1,"20":1,"21":1,"22":1,"23":1,"24":1,"25":1,"26":1,"27":1,"28":0,"29":1,"30":1,"31":1,"32":1,"33":1,"34":1,"35":1,"36":1,"37":1,"38":1,"39":1,"40":0,"41":1,"42":1,"43":1,"44":1,"45":1,"46":1,"47":1,"48":1,"49":1,"50":1,"51":1,"52":1,"53":1,"54":1,"55":1,"56":0,"57":0,"58":1,"59":0,"60":0,"61":0,"62":0,"63":1,"64":1},"f":{"0":1,"1":1,"2":1,"3":1,"4":1,"5":1,"6":1,"7":1},"b":{"0":[0,1],"1":[0,1]},"_coverageSchema":"1a1c01bbd47fc00a2c39e90264f33305004495a9","hash":"d270fe98340553537092e19852504331e9793aed"}
}
