{"/Users/alliantsadmin/Projects/udacity/FEND/FEND_5_Capstone_Travel-App/src/server/server.js": {"path":"/Users/alliantsadmin/Projects/udacity/FEND/FEND_5_Capstone_Travel-App/src/server/server.js","statementMap":{"0":{"start":{"line":4,"column":16},"end":{"line":4,"column":34}},"1":{"start":{"line":5,"column":14},"end":{"line":5,"column":35}},"2":{"start":{"line":7,"column":12},"end":{"line":7,"column":21}},"3":{"start":{"line":12,"column":17},"end":{"line":12,"column":39}},"4":{"start":{"line":13,"column":0},"end":{"line":13,"column":52}},"5":{"start":{"line":14,"column":0},"end":{"line":14,"column":27}},"6":{"start":{"line":17,"column":13},"end":{"line":17,"column":28}},"7":{"start":{"line":18,"column":0},"end":{"line":18,"column":16}},"8":{"start":{"line":21,"column":0},"end":{"line":21,"column":32}},"9":{"start":{"line":24,"column":13},"end":{"line":24,"column":17}},"10":{"start":{"line":27,"column":15},"end":{"line":30,"column":2}},"11":{"start":{"line":28,"column":1},"end":{"line":28,"column":34}},"12":{"start":{"line":29,"column":1},"end":{"line":29,"column":46}},"13":{"start":{"line":33,"column":15},"end":{"line":33,"column":32}},"14":{"start":{"line":34,"column":0},"end":{"line":34,"column":16}},"15":{"start":{"line":41,"column":0},"end":{"line":46,"column":3}},"16":{"start":{"line":42,"column":18},"end":{"line":42,"column":35}},"17":{"start":{"line":43,"column":17},"end":{"line":43,"column":43}},"18":{"start":{"line":44,"column":1},"end":{"line":44,"column":19}},"19":{"start":{"line":45,"column":1},"end":{"line":45,"column":34}},"20":{"start":{"line":48,"column":19},"end":{"line":63,"column":1}},"21":{"start":{"line":50,"column":26},"end":{"line":50,"column":55}},"22":{"start":{"line":51,"column":28},"end":{"line":51,"column":80}},"23":{"start":{"line":52,"column":13},"end":{"line":52,"column":29}},"24":{"start":{"line":53,"column":13},"end":{"line":53,"column":30}},"25":{"start":{"line":54,"column":18},"end":{"line":54,"column":112}},"26":{"start":{"line":55,"column":1},"end":{"line":62,"column":2}},"27":{"start":{"line":56,"column":18},"end":{"line":56,"column":39}},"28":{"start":{"line":57,"column":2},"end":{"line":57,"column":42}},"29":{"start":{"line":58,"column":2},"end":{"line":58,"column":17}},"30":{"start":{"line":61,"column":2},"end":{"line":61,"column":67}},"31":{"start":{"line":70,"column":0},"end":{"line":75,"column":3}},"32":{"start":{"line":71,"column":14},"end":{"line":71,"column":27}},"33":{"start":{"line":72,"column":13},"end":{"line":72,"column":33}},"34":{"start":{"line":73,"column":1},"end":{"line":73,"column":15}},"35":{"start":{"line":74,"column":1},"end":{"line":74,"column":18}},"36":{"start":{"line":77,"column":17},"end":{"line":91,"column":1}},"37":{"start":{"line":79,"column":23},"end":{"line":79,"column":49}},"38":{"start":{"line":80,"column":25},"end":{"line":80,"column":75}},"39":{"start":{"line":82,"column":18},"end":{"line":82,"column":114}},"40":{"start":{"line":83,"column":1},"end":{"line":90,"column":2}},"41":{"start":{"line":84,"column":21},"end":{"line":84,"column":42}},"42":{"start":{"line":85,"column":2},"end":{"line":85,"column":42}},"43":{"start":{"line":86,"column":2},"end":{"line":86,"column":20}},"44":{"start":{"line":89,"column":2},"end":{"line":89,"column":67}},"45":{"start":{"line":96,"column":14},"end":{"line":96,"column":16}},"46":{"start":{"line":103,"column":0},"end":{"line":103,"column":28}},"47":{"start":{"line":105,"column":1},"end":{"line":105,"column":19}},"48":{"start":{"line":109,"column":0},"end":{"line":109,"column":26}},"49":{"start":{"line":111,"column":1},"end":{"line":111,"column":55}},"50":{"start":{"line":112,"column":1},"end":{"line":112,"column":51}},"51":{"start":{"line":113,"column":1},"end":{"line":113,"column":49}},"52":{"start":{"line":114,"column":1},"end":{"line":114,"column":45}},"53":{"start":{"line":115,"column":1},"end":{"line":115,"column":37}},"54":{"start":{"line":116,"column":1},"end":{"line":116,"column":45}},"55":{"start":{"line":117,"column":1},"end":{"line":117,"column":47}},"56":{"start":{"line":118,"column":1},"end":{"line":118,"column":43}},"57":{"start":{"line":119,"column":1},"end":{"line":119,"column":22}},"58":{"start":{"line":120,"column":1},"end":{"line":120,"column":24}},"59":{"start":{"line":124,"column":0},"end":{"line":124,"column":33}},"60":{"start":{"line":126,"column":1},"end":{"line":126,"column":45}},"61":{"start":{"line":127,"column":1},"end":{"line":127,"column":51}},"62":{"start":{"line":128,"column":1},"end":{"line":128,"column":43}},"63":{"start":{"line":129,"column":1},"end":{"line":129,"column":44}},"64":{"start":{"line":130,"column":1},"end":{"line":130,"column":44}},"65":{"start":{"line":131,"column":1},"end":{"line":131,"column":44}},"66":{"start":{"line":132,"column":1},"end":{"line":132,"column":22}},"67":{"start":{"line":133,"column":1},"end":{"line":133,"column":24}},"68":{"start":{"line":136,"column":0},"end":{"line":136,"column":21}}},"fnMap":{"0":{"name":"(anonymous_0)","decl":{"start":{"line":27,"column":32},"end":{"line":27,"column":33}},"loc":{"start":{"line":27,"column":38},"end":{"line":30,"column":1}},"line":27},"1":{"name":"(anonymous_1)","decl":{"start":{"line":41,"column":21},"end":{"line":41,"column":22}},"loc":{"start":{"line":41,"column":41},"end":{"line":46,"column":1}},"line":41},"2":{"name":"(anonymous_2)","decl":{"start":{"line":48,"column":19},"end":{"line":48,"column":20}},"loc":{"start":{"line":48,"column":39},"end":{"line":63,"column":1}},"line":48},"3":{"name":"(anonymous_3)","decl":{"start":{"line":70,"column":19},"end":{"line":70,"column":20}},"loc":{"start":{"line":70,"column":39},"end":{"line":75,"column":1}},"line":70},"4":{"name":"(anonymous_4)","decl":{"start":{"line":77,"column":17},"end":{"line":77,"column":18}},"loc":{"start":{"line":77,"column":33},"end":{"line":91,"column":1}},"line":77},"5":{"name":"getResults","decl":{"start":{"line":104,"column":9},"end":{"line":104,"column":19}},"loc":{"start":{"line":104,"column":30},"end":{"line":106,"column":1}},"line":104},"6":{"name":"addTrip","decl":{"start":{"line":110,"column":9},"end":{"line":110,"column":16}},"loc":{"start":{"line":110,"column":36},"end":{"line":121,"column":1}},"line":110},"7":{"name":"updateTrip","decl":{"start":{"line":125,"column":9},"end":{"line":125,"column":19}},"loc":{"start":{"line":125,"column":39},"end":{"line":134,"column":1}},"line":125}},"branchMap":{},"s":{"0":1,"1":1,"2":1,"3":1,"4":1,"5":1,"6":1,"7":1,"8":1,"9":1,"10":1,"11":1,"12":1,"13":1,"14":1,"15":1,"16":1,"17":1,"18":1,"19":1,"20":1,"21":1,"22":1,"23":1,"24":1,"25":1,"26":1,"27":1,"28":1,"29":1,"30":0,"31":1,"32":1,"33":1,"34":1,"35":1,"36":1,"37":1,"38":1,"39":1,"40":1,"41":1,"42":1,"43":1,"44":0,"45":1,"46":1,"47":1,"48":1,"49":1,"50":1,"51":1,"52":1,"53":1,"54":1,"55":1,"56":1,"57":1,"58":1,"59":1,"60":1,"61":1,"62":1,"63":1,"64":1,"65":1,"66":1,"67":1,"68":1},"f":{"0":1,"1":1,"2":1,"3":1,"4":1,"5":1,"6":1,"7":1},"b":{},"_coverageSchema":"1a1c01bbd47fc00a2c39e90264f33305004495a9","hash":"577fbd711c4a7f44a09ac3e11565629cd1cb1134"}
}
