TN:
SF:src/server/server.js
FN:27,(anonymous_0)
FN:41,(anonymous_1)
FN:47,(anonymous_2)
FN:68,(anonymous_3)
FN:74,(anonymous_4)
FN:100,getResults
FN:106,addTrip
FN:120,updateTrip
FNF:8
FNH:8
FNDA:1,(anonymous_0)
FNDA:1,(anonymous_1)
FNDA:1,(anonymous_2)
FNDA:1,(anonymous_3)
FNDA:1,(anonymous_4)
FNDA:1,getResults
FNDA:1,addTrip
FNDA:1,updateTrip
DA:4,1
DA:5,1
DA:7,1
DA:12,1
DA:13,1
DA:14,1
DA:17,1
DA:18,1
DA:21,1
DA:24,1
DA:27,1
DA:28,1
DA:29,1
DA:33,1
DA:34,1
DA:41,1
DA:42,1
DA:43,1
DA:44,1
DA:47,1
DA:49,1
DA:50,1
DA:51,1
DA:52,1
DA:53,1
DA:54,1
DA:55,1
DA:56,1
DA:59,0
DA:68,1
DA:69,1
DA:70,1
DA:71,1
DA:74,1
DA:76,1
DA:77,1
DA:79,1
DA:80,1
DA:81,1
DA:82,1
DA:85,0
DA:92,1
DA:99,1
DA:101,1
DA:105,1
DA:107,1
DA:108,1
DA:109,1
DA:110,1
DA:111,1
DA:112,1
DA:113,1
DA:114,1
DA:115,1
DA:119,1
DA:121,1
DA:122,0
DA:123,0
DA:125,1
DA:126,0
DA:127,0
DA:128,0
DA:129,0
DA:131,1
DA:134,1
LF:65
LH:57
BRDA:121,0,0,0
BRDA:121,0,1,1
BRDA:125,1,0,0
BRDA:125,1,1,1
BRF:4
BRH:2
end_of_record
